[BOOT] timm not found; installing timm==1.0.27
WARNING: Running pip as the 'root' user can result in broken permissions and conflicting behaviour with the system package manager, possibly rendering your system unusable. It is recommended to use a virtual environment instead: https://pip.pypa.io/warnings/venv. Use the --root-user-action option if you know what you are doing and want to suppress this warning.
[BOOT] timm installation completed
========================================================================
OFFICIAL-BEHAVIOR-BASED OFA / RESNET56 -> DEIT-TI
========================================================================
[ENV] python=3.10.12 torch=2.11.0+cu130 timm=1.0.27
[ENV] cuda_available=True cuda_device_count=1
[ENV] gpu_name=NVIDIA H200 NVL
[ENV] gpu_memory_gib=139.80
[ENV] device=cuda amp=True seed=42
[PATH] data_dir=/app/data/chaoyang
[PATH] teacher_root=/app/scratch/input/bapedragon_429/checkpoints/teachers
[PATH] run_dir=/app/output/ofa_chaoyang_deit_ti_100ep
[MODE] smoke=False timing_run=False student_epochs=100 planned_epochs=100
[PROTOCOL] name=chaoyang_deit_ti_common_kd_v1 optimizer=AdamW lr=0.0005 weight_decay=0.05 warmup=5 cosine batch=64 image=224
[OFA] loss=1.0*CE+1.0*final_OFA+1.0*sum(stage_OFA) eps=1.0 temperature=1.0 stages=(1, 2, 3, 4)
[OFFICIAL] repository=https://github.com/Hao840/OFAKD commit=f7bb896cac9879040800bde08a8cc2057a904c52
[ADAPTER] teacher=final class logits student_blocks=(1, 3, 9, 11) token_grid=14x14 patch_merge=14x14->7x7 stage_heads=official_transformer_projectors
[DATA] requested_root=/app/data/chaoyang
[DATA] resolved_root=/app/data/chaoyang/drive-download-20260714T054439Z-1-001
[DATA] Validating official Chaoyang train/test splits and labels
[DATA] train_split verified samples=4021 normal=1111 serrated=842 adenocarcinoma=1404 adenoma=664 first_image_size=(512, 512)
[DATA] test_split verified samples=2139 normal=705 serrated=321 adenocarcinoma=840 adenoma=273 first_image_size=(512, 512)
[DATA] train_samples=4021 test_samples=2139
[DATA] image_size=224 batch_size=64 num_workers=4 smoke=False
[TEACHER] selected=latest epoch=300 top1=81.53% sha256=29a793665abb89b6b48d3ef5e974314ed9f335c80e78d818e4d94cddad06f76b
[MODEL] teacher_params=855,380 student=deit_tiny_patch16_224 student_params=5,525,188 ofa_trainable_params=3,709,072
[FEATURE_CHECK] teacher_logits=(2, 4) student_tokens=[(2, 197, 192), (2, 197, 192), (2, 197, 192), (2, 197, 192)] projected_logits=[(2, 4), (2, 4), (2, 4), (2, 4)]
[STUDENT] optimizer=adamw lr=0.0005 weight_decay=0.05 epochs=100 effective_warmup=5
[OFA][001/100] loss=7.5431 ce=1.2837 final=1.2544 intermediate=5.0050 train_acc=44.96% val_acc=48.62% best=48.62% lr=0.0001 time=11.6s avg_epoch=11.6s est_planned=19m 23s elapsed=12s saved_best
[OFA][002/100] loss=6.7083 ce=1.1624 final=1.1053 intermediate=4.4406 train_acc=54.79% val_acc=57.08% best=57.08% lr=0.0002 time=9.6s avg_epoch=10.6s est_planned=17m 40s elapsed=21s saved_best
[OFA][003/100] loss=6.3056 ce=1.1063 final=1.0379 intermediate=4.1613 train_acc=57.87% val_acc=64.84% best=64.84% lr=0.0003 time=9.3s avg_epoch=10.2s est_planned=16m 58s elapsed=31s saved_best
[OFA][004/100] loss=6.0535 ce=1.0758 final=0.9930 intermediate=3.9847 train_acc=60.38% val_acc=55.68% best=64.84% lr=0.0004 time=9.4s avg_epoch=10.0s est_planned=16m 39s elapsed=41s
[OFA][005/100] loss=5.7668 ce=1.0360 final=0.9443 intermediate=3.7865 train_acc=62.40% val_acc=65.59% best=65.59% lr=0.0005 time=9.4s avg_epoch=9.9s est_planned=16m 27s elapsed=50s saved_best
[OFA][006/100] loss=5.6385 ce=1.0210 final=0.9209 intermediate=3.6966 train_acc=64.01% val_acc=65.97% best=65.97% lr=0.0005 time=8.9s avg_epoch=9.7s est_planned=16m 11s elapsed=59s saved_best
[OFA][007/100] loss=5.5288 ce=1.0032 final=0.9018 intermediate=3.6238 train_acc=64.06% val_acc=60.50% best=65.97% lr=0.000499863 time=9.9s avg_epoch=9.7s est_planned=16m 14s elapsed=1m 09s
[OFA][008/100] loss=5.0730 ce=0.9464 final=0.8275 intermediate=3.2991 train_acc=66.77% val_acc=69.42% best=69.42% lr=0.000499453 time=9.9s avg_epoch=9.8s est_planned=16m 16s elapsed=1m 19s saved_best
[OFA][009/100] loss=4.8994 ce=0.9225 final=0.7942 intermediate=3.1827 train_acc=68.64% val_acc=70.17% best=70.17% lr=0.000498771 time=9.9s avg_epoch=9.8s est_planned=16m 17s elapsed=1m 29s saved_best
[OFA][010/100] loss=4.7916 ce=0.9105 final=0.7772 intermediate=3.1038 train_acc=69.63% val_acc=69.94% best=70.17% lr=0.000497816 time=9.9s avg_epoch=9.8s est_planned=16m 19s elapsed=1m 39s
[OFA][011/100] loss=4.6998 ce=0.8971 final=0.7595 intermediate=3.0432 train_acc=71.10% val_acc=72.98% best=72.98% lr=0.00049659 time=9.7s avg_epoch=9.8s est_planned=16m 18s elapsed=1m 49s saved_best
[OFA][012/100] loss=4.6289 ce=0.8903 final=0.7495 intermediate=2.9891 train_acc=71.15% val_acc=67.32% best=72.98% lr=0.000495095 time=9.0s avg_epoch=9.7s est_planned=16m 12s elapsed=1m 58s
[OFA][013/100] loss=4.3441 ce=0.8496 final=0.6980 intermediate=2.7965 train_acc=73.14% val_acc=68.54% best=72.98% lr=0.000493332 time=9.4s avg_epoch=9.7s est_planned=16m 09s elapsed=2m 08s
[OFA][014/100] loss=4.4571 ce=0.8688 final=0.7196 intermediate=2.8688 train_acc=71.40% val_acc=71.67% best=72.98% lr=0.000491302 time=9.9s avg_epoch=9.7s est_planned=16m 11s elapsed=2m 18s
[OFA][015/100] loss=4.2770 ce=0.8406 final=0.6853 intermediate=2.7512 train_acc=73.91% val_acc=72.74% best=72.98% lr=0.000489009 time=9.9s avg_epoch=9.7s est_planned=16m 12s elapsed=2m 28s
[OFA][016/100] loss=4.2229 ce=0.8410 final=0.6797 intermediate=2.7022 train_acc=73.44% val_acc=73.68% best=73.68% lr=0.000486454 time=10.0s avg_epoch=9.7s est_planned=16m 14s elapsed=2m 38s saved_best
[OFA][017/100] loss=4.2519 ce=0.8405 final=0.6843 intermediate=2.7270 train_acc=73.44% val_acc=71.72% best=73.68% lr=0.000483641 time=9.8s avg_epoch=9.7s est_planned=16m 14s elapsed=2m 48s
[OFA][018/100] loss=4.1105 ce=0.8254 final=0.6627 intermediate=2.6224 train_acc=73.69% val_acc=73.17% best=73.68% lr=0.000480572 time=10.0s avg_epoch=9.8s est_planned=16m 15s elapsed=2m 58s
[OFA][019/100] loss=4.1954 ce=0.8371 final=0.6743 intermediate=2.6840 train_acc=73.74% val_acc=73.73% best=73.73% lr=0.000477252 time=9.1s avg_epoch=9.7s est_planned=16m 12s elapsed=3m 07s saved_best
[OFA][020/100] loss=3.9849 ce=0.8118 final=0.6434 intermediate=2.5298 train_acc=74.51% val_acc=71.48% best=73.73% lr=0.000473682 time=9.9s avg_epoch=9.7s est_planned=16m 12s elapsed=3m 17s
[OFA][021/100] loss=4.0535 ce=0.8181 final=0.6532 intermediate=2.5821 train_acc=74.68% val_acc=73.73% best=73.73% lr=0.000469868 time=9.9s avg_epoch=9.7s est_planned=16m 13s elapsed=3m 27s saved_best
[OFA][022/100] loss=3.9620 ce=0.8104 final=0.6400 intermediate=2.5116 train_acc=74.56% val_acc=74.99% best=74.99% lr=0.000465814 time=9.7s avg_epoch=9.7s est_planned=16m 13s elapsed=3m 37s saved_best
[OFA][023/100] loss=3.9225 ce=0.8051 final=0.6335 intermediate=2.4839 train_acc=74.88% val_acc=72.70% best=74.99% lr=0.000461524 time=9.9s avg_epoch=9.7s est_planned=16m 14s elapsed=3m 47s
[OFA][024/100] loss=3.8226 ce=0.7893 final=0.6146 intermediate=2.4187 train_acc=76.87% val_acc=73.73% best=74.99% lr=0.000457002 time=9.9s avg_epoch=9.7s est_planned=16m 14s elapsed=3m 57s
[OFA][025/100] loss=3.8798 ce=0.7976 final=0.6250 intermediate=2.4573 train_acc=75.80% val_acc=74.71% best=74.99% lr=0.000452254 time=9.8s avg_epoch=9.7s est_planned=16m 14s elapsed=4m 07s
[OFA][026/100] loss=3.6709 ce=0.7710 final=0.5859 intermediate=2.3140 train_acc=77.24% val_acc=72.32% best=74.99% lr=0.000447285 time=9.5s avg_epoch=9.7s est_planned=16m 13s elapsed=4m 17s
[OFA][027/100] loss=3.6756 ce=0.7769 final=0.5941 intermediate=2.3046 train_acc=76.75% val_acc=75.41% best=75.41% lr=0.0004421 time=9.7s avg_epoch=9.7s est_planned=16m 13s elapsed=4m 26s saved_best
[OFA][028/100] loss=3.7796 ce=0.7881 final=0.6091 intermediate=2.3825 train_acc=76.18% val_acc=72.46% best=75.41% lr=0.000436705 time=9.4s avg_epoch=9.7s est_planned=16m 12s elapsed=4m 36s
[OFA][029/100] loss=3.6460 ce=0.7673 final=0.5851 intermediate=2.2935 train_acc=76.75% val_acc=77.61% best=77.61% lr=0.000431106 time=9.8s avg_epoch=9.7s est_planned=16m 12s elapsed=4m 46s saved_best
[OFA][030/100] loss=3.5993 ce=0.7687 final=0.5833 intermediate=2.2473 train_acc=76.45% val_acc=76.67% best=77.61% lr=0.000425309 time=9.9s avg_epoch=9.7s est_planned=16m 13s elapsed=4m 56s
[OFA][031/100] loss=3.5674 ce=0.7629 final=0.5796 intermediate=2.2249 train_acc=77.62% val_acc=77.61% best=77.61% lr=0.00041932 time=9.8s avg_epoch=9.7s est_planned=16m 13s elapsed=5m 06s saved_best
[OFA][032/100] loss=3.5860 ce=0.7591 final=0.5745 intermediate=2.2524 train_acc=78.26% val_acc=70.59% best=77.61% lr=0.000413146 time=9.9s avg_epoch=9.7s est_planned=16m 14s elapsed=5m 16s
[OFA][033/100] loss=3.5059 ce=0.7547 final=0.5641 intermediate=2.1871 train_acc=78.11% val_acc=77.65% best=77.65% lr=0.000406794 time=9.8s avg_epoch=9.7s est_planned=16m 14s elapsed=5m 26s saved_best
[OFA][034/100] loss=3.4600 ce=0.7483 final=0.5585 intermediate=2.1532 train_acc=78.69% val_acc=74.71% best=77.65% lr=0.00040027 time=9.5s avg_epoch=9.7s est_planned=16m 13s elapsed=5m 36s
[OFA][035/100] loss=3.4411 ce=0.7458 final=0.5529 intermediate=2.1424 train_acc=78.49% val_acc=78.45% best=78.45% lr=0.000393582 time=9.9s avg_epoch=9.7s est_planned=16m 14s elapsed=5m 46s saved_best
[OFA][036/100] loss=3.3454 ce=0.7346 final=0.5378 intermediate=2.0730 train_acc=79.38% val_acc=75.83% best=78.45% lr=0.000386737 time=9.8s avg_epoch=9.7s est_planned=16m 14s elapsed=5m 56s
[OFA][037/100] loss=3.4229 ce=0.7474 final=0.5536 intermediate=2.1219 train_acc=78.26% val_acc=75.78% best=78.45% lr=0.000379742 time=9.9s avg_epoch=9.7s est_planned=16m 14s elapsed=6m 06s
[OFA][038/100] loss=3.3072 ce=0.7315 final=0.5366 intermediate=2.0391 train_acc=78.86% val_acc=75.36% best=78.45% lr=0.000372606 time=9.4s avg_epoch=9.7s est_planned=16m 13s elapsed=6m 15s
[OFA][039/100] loss=3.2268 ce=0.7202 final=0.5198 intermediate=1.9867 train_acc=80.05% val_acc=73.68% best=78.45% lr=0.000365335 time=9.6s avg_epoch=9.7s est_planned=16m 13s elapsed=6m 25s
[OFA][040/100] loss=3.1733 ce=0.7118 final=0.5090 intermediate=1.9525 train_acc=80.88% val_acc=76.20% best=78.45% lr=0.000357939 time=9.5s avg_epoch=9.7s est_planned=16m 12s elapsed=6m 34s
[OFA][041/100] loss=3.0955 ce=0.7030 final=0.4979 intermediate=1.8946 train_acc=81.30% val_acc=77.56% best=78.45% lr=0.000350424 time=9.5s avg_epoch=9.7s est_planned=16m 12s elapsed=6m 44s
[OFA][042/100] loss=3.1601 ce=0.7137 final=0.5087 intermediate=1.9377 train_acc=80.40% val_acc=76.39% best=78.45% lr=0.000342799 time=9.7s avg_epoch=9.7s est_planned=16m 12s elapsed=6m 54s
[OFA][043/100] loss=3.0739 ce=0.7003 final=0.4921 intermediate=1.8815 train_acc=80.88% val_acc=78.73% best=78.73% lr=0.000335073 time=8.8s avg_epoch=9.7s est_planned=16m 10s elapsed=7m 03s saved_best
[OFA][044/100] loss=3.0387 ce=0.6976 final=0.4902 intermediate=1.8509 train_acc=81.00% val_acc=75.41% best=78.73% lr=0.000327254 time=9.4s avg_epoch=9.7s est_planned=16m 09s elapsed=7m 12s
[OFA][045/100] loss=2.8812 ce=0.6752 final=0.4591 intermediate=1.7469 train_acc=83.09% val_acc=78.68% best=78.73% lr=0.000319351 time=9.0s avg_epoch=9.7s est_planned=16m 07s elapsed=7m 21s
[OFA][046/100] loss=2.9245 ce=0.6846 final=0.4687 intermediate=1.7712 train_acc=82.22% val_acc=74.61% best=78.73% lr=0.000311371 time=9.9s avg_epoch=9.7s est_planned=16m 08s elapsed=7m 31s
[OFA][047/100] loss=2.7920 ce=0.6668 final=0.4458 intermediate=1.6794 train_acc=83.19% val_acc=75.64% best=78.73% lr=0.000303325 time=9.7s avg_epoch=9.7s est_planned=16m 08s elapsed=7m 41s
[OFA][048/100] loss=2.7684 ce=0.6647 final=0.4448 intermediate=1.6589 train_acc=83.76% val_acc=79.43% best=79.43% lr=0.00029522 time=9.7s avg_epoch=9.7s est_planned=16m 08s elapsed=7m 51s saved_best
[OFA][049/100] loss=2.7831 ce=0.6601 final=0.4408 intermediate=1.6822 train_acc=83.79% val_acc=77.84% best=79.43% lr=0.000287066 time=9.7s avg_epoch=9.7s est_planned=16m 08s elapsed=8m 01s
[OFA][050/100] loss=2.6950 ce=0.6561 final=0.4346 intermediate=1.6044 train_acc=84.11% val_acc=73.02% best=79.43% lr=0.000278871 time=9.8s avg_epoch=9.7s est_planned=16m 08s elapsed=8m 11s
[OFA][051/100] loss=2.7523 ce=0.6618 final=0.4421 intermediate=1.6484 train_acc=83.76% val_acc=77.98% best=79.43% lr=0.000270645 time=8.8s avg_epoch=9.7s est_planned=16m 07s elapsed=8m 20s
[OFA][052/100] loss=2.6543 ce=0.6481 final=0.4204 intermediate=1.5857 train_acc=84.48% val_acc=75.88% best=79.43% lr=0.000262396 time=8.2s avg_epoch=9.6s est_planned=16m 04s elapsed=8m 28s
[OFA][053/100] loss=2.5755 ce=0.6333 final=0.4059 intermediate=1.5363 train_acc=85.10% val_acc=78.45% best=79.43% lr=0.000254133 time=9.7s avg_epoch=9.6s est_planned=16m 04s elapsed=8m 38s
[OFA][054/100] loss=2.5867 ce=0.6443 final=0.4174 intermediate=1.5250 train_acc=84.41% val_acc=78.82% best=79.43% lr=0.000245867 time=10.0s avg_epoch=9.6s est_planned=16m 05s elapsed=8m 48s
[OFA][055/100] loss=2.5173 ce=0.6314 final=0.4053 intermediate=1.4806 train_acc=84.88% val_acc=76.76% best=79.43% lr=0.000237604 time=9.7s avg_epoch=9.6s est_planned=16m 05s elapsed=8m 58s
[OFA][056/100] loss=2.3996 ce=0.6182 final=0.3822 intermediate=1.3992 train_acc=85.95% val_acc=79.24% best=79.43% lr=0.000229355 time=9.7s avg_epoch=9.6s est_planned=16m 05s elapsed=9m 08s
[OFA][057/100] loss=2.4445 ce=0.6195 final=0.3885 intermediate=1.4365 train_acc=85.72% val_acc=78.68% best=79.43% lr=0.000221129 time=9.7s avg_epoch=9.7s est_planned=16m 05s elapsed=9m 18s
[OFA][058/100] loss=2.2688 ce=0.5976 final=0.3593 intermediate=1.3120 train_acc=87.32% val_acc=78.96% best=79.43% lr=0.000212934 time=9.8s avg_epoch=9.7s est_planned=16m 05s elapsed=9m 27s
[OFA][059/100] loss=2.3044 ce=0.6059 final=0.3662 intermediate=1.3323 train_acc=86.87% val_acc=78.87% best=79.43% lr=0.00020478 time=9.9s avg_epoch=9.7s est_planned=16m 06s elapsed=9m 37s
[OFA][060/100] loss=2.2508 ce=0.5980 final=0.3551 intermediate=1.2977 train_acc=87.04% val_acc=78.45% best=79.43% lr=0.000196675 time=9.5s avg_epoch=9.7s est_planned=16m 05s elapsed=9m 47s
[OFA][061/100] loss=2.1953 ce=0.5883 final=0.3470 intermediate=1.2600 train_acc=88.11% val_acc=78.40% best=79.43% lr=0.000188629 time=9.0s avg_epoch=9.6s est_planned=16m 04s elapsed=9m 56s
[OFA][062/100] loss=2.1954 ce=0.5900 final=0.3464 intermediate=1.2590 train_acc=87.66% val_acc=79.34% best=79.43% lr=0.000180649 time=8.9s avg_epoch=9.6s est_planned=16m 03s elapsed=10m 05s
[OFA][063/100] loss=2.0851 ce=0.5761 final=0.3308 intermediate=1.1782 train_acc=88.26% val_acc=78.73% best=79.43% lr=0.000172746 time=8.9s avg_epoch=9.6s est_planned=16m 02s elapsed=10m 14s
[OFA][064/100] loss=2.0370 ce=0.5689 final=0.3183 intermediate=1.1498 train_acc=89.21% val_acc=76.72% best=79.43% lr=0.000164927 time=9.1s avg_epoch=9.6s est_planned=16m 01s elapsed=10m 23s
[OFA][065/100] loss=2.0395 ce=0.5655 final=0.3133 intermediate=1.1607 train_acc=89.48% val_acc=77.70% best=79.43% lr=0.000157201 time=9.0s avg_epoch=9.6s est_planned=16m 00s elapsed=10m 32s
[OFA][066/100] loss=1.9802 ce=0.5633 final=0.3109 intermediate=1.1060 train_acc=88.98% val_acc=77.00% best=79.43% lr=0.000149576 time=9.8s avg_epoch=9.6s est_planned=16m 01s elapsed=10m 42s
[OFA][067/100] loss=1.9661 ce=0.5563 final=0.3026 intermediate=1.1072 train_acc=89.43% val_acc=77.98% best=79.43% lr=0.000142061 time=9.0s avg_epoch=9.6s est_planned=16m 00s elapsed=10m 51s
[OFA][068/100] loss=1.8963 ce=0.5492 final=0.2927 intermediate=1.0544 train_acc=90.18% val_acc=78.35% best=79.43% lr=0.000134665 time=9.0s avg_epoch=9.6s est_planned=15m 59s elapsed=11m 01s
[OFA][069/100] loss=1.8638 ce=0.5435 final=0.2827 intermediate=1.0376 train_acc=90.35% val_acc=78.59% best=79.43% lr=0.000127394 time=9.0s avg_epoch=9.6s est_planned=15m 58s elapsed=11m 10s
[OFA][070/100] loss=1.7797 ce=0.5381 final=0.2759 intermediate=0.9657 train_acc=90.82% val_acc=79.06% best=79.43% lr=0.000120258 time=8.9s avg_epoch=9.6s est_planned=15m 57s elapsed=11m 19s
[OFA][071/100] loss=1.7062 ce=0.5276 final=0.2639 intermediate=0.9146 train_acc=91.17% val_acc=76.34% best=79.43% lr=0.000113263 time=9.4s avg_epoch=9.6s est_planned=15m 57s elapsed=11m 28s
[OFA][072/100] loss=1.7830 ce=0.5333 final=0.2711 intermediate=0.9786 train_acc=90.87% val_acc=78.87% best=79.43% lr=0.000106418 time=9.5s avg_epoch=9.6s est_planned=15m 57s elapsed=11m 38s
[OFA][073/100] loss=1.6052 ce=0.5108 final=0.2420 intermediate=0.8523 train_acc=92.64% val_acc=78.03% best=79.43% lr=9.97297e-05 time=9.5s avg_epoch=9.6s est_planned=15m 57s elapsed=11m 47s
[OFA][074/100] loss=1.6448 ce=0.5144 final=0.2430 intermediate=0.8874 train_acc=92.44% val_acc=80.04% best=80.04% lr=9.32059e-05 time=9.4s avg_epoch=9.6s est_planned=15m 56s elapsed=11m 57s saved_best
[OFA][075/100] loss=1.6160 ce=0.5090 final=0.2421 intermediate=0.8649 train_acc=92.27% val_acc=78.49% best=80.04% lr=8.68536e-05 time=9.4s avg_epoch=9.6s est_planned=15m 56s elapsed=12m 06s
[OFA][076/100] loss=1.5431 ce=0.5015 final=0.2288 intermediate=0.8127 train_acc=92.76% val_acc=79.15% best=80.04% lr=8.06796e-05 time=9.5s avg_epoch=9.6s est_planned=15m 56s elapsed=12m 16s
[OFA][077/100] loss=1.5031 ce=0.4962 final=0.2214 intermediate=0.7855 train_acc=93.06% val_acc=77.19% best=80.04% lr=7.46908e-05 time=9.4s avg_epoch=9.6s est_planned=15m 56s elapsed=12m 26s
[OFA][078/100] loss=1.4891 ce=0.4963 final=0.2201 intermediate=0.7727 train_acc=93.68% val_acc=78.49% best=80.04% lr=6.88937e-05 time=9.5s avg_epoch=9.6s est_planned=15m 56s elapsed=12m 35s
[OFA][079/100] loss=1.4352 ce=0.4855 final=0.2090 intermediate=0.7407 train_acc=93.68% val_acc=77.79% best=80.04% lr=6.32946e-05 time=9.5s avg_epoch=9.6s est_planned=15m 56s elapsed=12m 45s
[OFA][080/100] loss=1.3906 ce=0.4789 final=0.1987 intermediate=0.7130 train_acc=94.28% val_acc=78.73% best=80.04% lr=5.78997e-05 time=9.4s avg_epoch=9.6s est_planned=15m 55s elapsed=12m 54s
[OFA][081/100] loss=1.3821 ce=0.4787 final=0.1972 intermediate=0.7063 train_acc=94.33% val_acc=78.12% best=80.04% lr=5.27149e-05 time=9.6s avg_epoch=9.6s est_planned=15m 55s elapsed=13m 04s
[OFA][082/100] loss=1.3251 ce=0.4665 final=0.1813 intermediate=0.6774 train_acc=95.13% val_acc=79.52% best=80.04% lr=4.77458e-05 time=9.0s avg_epoch=9.5s est_planned=15m 55s elapsed=13m 13s
[OFA][083/100] loss=1.3015 ce=0.4688 final=0.1790 intermediate=0.6537 train_acc=95.00% val_acc=77.93% best=80.04% lr=4.29978e-05 time=9.6s avg_epoch=9.5s est_planned=15m 55s elapsed=13m 23s
[OFA][084/100] loss=1.3298 ce=0.4741 final=0.1868 intermediate=0.6688 train_acc=94.95% val_acc=76.86% best=80.04% lr=3.84762e-05 time=9.5s avg_epoch=9.5s est_planned=15m 55s elapsed=13m 32s
[OFA][085/100] loss=1.2797 ce=0.4679 final=0.1789 intermediate=0.6329 train_acc=95.27% val_acc=79.15% best=80.04% lr=3.41859e-05 time=9.5s avg_epoch=9.5s est_planned=15m 55s elapsed=13m 42s
[OFA][086/100] loss=1.2611 ce=0.4623 final=0.1735 intermediate=0.6253 train_acc=95.30% val_acc=79.80% best=80.04% lr=3.01316e-05 time=9.5s avg_epoch=9.5s est_planned=15m 55s elapsed=13m 51s
[OFA][087/100] loss=1.2561 ce=0.4619 final=0.1726 intermediate=0.6216 train_acc=95.32% val_acc=78.54% best=80.04% lr=2.63177e-05 time=9.4s avg_epoch=9.5s est_planned=15m 54s elapsed=14m 01s
[OFA][088/100] loss=1.2210 ce=0.4543 final=0.1654 intermediate=0.6013 train_acc=96.02% val_acc=79.06% best=80.04% lr=2.27484e-05 time=9.3s avg_epoch=9.5s est_planned=15m 54s elapsed=14m 10s
[OFA][089/100] loss=1.1973 ce=0.4540 final=0.1615 intermediate=0.5817 train_acc=95.82% val_acc=79.57% best=80.04% lr=1.94276e-05 time=9.0s avg_epoch=9.5s est_planned=15m 54s elapsed=14m 19s
[OFA][090/100] loss=1.2023 ce=0.4514 final=0.1632 intermediate=0.5877 train_acc=96.00% val_acc=79.94% best=80.04% lr=1.63589e-05 time=9.8s avg_epoch=9.5s est_planned=15m 54s elapsed=14m 29s
[OFA][091/100] loss=1.1619 ce=0.4461 final=0.1535 intermediate=0.5623 train_acc=96.57% val_acc=79.34% best=80.04% lr=1.35457e-05 time=9.4s avg_epoch=9.5s est_planned=15m 54s elapsed=14m 39s
[OFA][092/100] loss=1.1904 ce=0.4518 final=0.1607 intermediate=0.5779 train_acc=95.97% val_acc=79.15% best=80.04% lr=1.09911e-05 time=9.4s avg_epoch=9.5s est_planned=15m 54s elapsed=14m 48s
[OFA][093/100] loss=1.1860 ce=0.4514 final=0.1598 intermediate=0.5749 train_acc=96.24% val_acc=79.62% best=80.04% lr=8.69777e-06 time=9.8s avg_epoch=9.5s est_planned=15m 54s elapsed=14m 58s
[OFA][094/100] loss=1.2050 ce=0.4521 final=0.1619 intermediate=0.5910 train_acc=96.32% val_acc=79.57% best=80.04% lr=6.66835e-06 time=9.7s avg_epoch=9.5s est_planned=15m 54s elapsed=15m 08s
[OFA][095/100] loss=1.1652 ce=0.4469 final=0.1565 intermediate=0.5618 train_acc=96.69% val_acc=79.80% best=80.04% lr=4.90501e-06 time=9.6s avg_epoch=9.5s est_planned=15m 54s elapsed=15m 18s
[OFA][096/100] loss=1.1491 ce=0.4470 final=0.1538 intermediate=0.5483 train_acc=96.37% val_acc=79.48% best=80.04% lr=3.40967e-06 time=9.7s avg_epoch=9.5s est_planned=15m 54s elapsed=15m 27s
[OFA][097/100] loss=1.1339 ce=0.4416 final=0.1488 intermediate=0.5435 train_acc=96.57% val_acc=79.62% best=80.04% lr=2.18398e-06 time=9.6s avg_epoch=9.5s est_planned=15m 54s elapsed=15m 37s
[OFA][098/100] loss=1.1514 ce=0.4479 final=0.1558 intermediate=0.5477 train_acc=96.22% val_acc=79.43% best=80.04% lr=1.22927e-06 time=9.0s avg_epoch=9.5s est_planned=15m 54s elapsed=15m 46s
[OFA][099/100] loss=1.1604 ce=0.4445 final=0.1536 intermediate=0.5624 train_acc=96.42% val_acc=79.48% best=80.04% lr=5.46593e-07 time=9.1s avg_epoch=9.5s est_planned=15m 53s elapsed=15m 55s
[OFA][100/100] loss=1.1817 ce=0.4464 final=0.1568 intermediate=0.5785 train_acc=96.59% val_acc=79.43% best=80.04% lr=1.36686e-07 time=9.6s avg_epoch=9.5s est_planned=15m 53s elapsed=16m 05s
========================================================================
[FINAL_RESULT] ofa_best_top1=80.04% vanilla_top1=82.00% gain_over_vanilla=-1.96pp
[TIMING] avg_epoch=9.5s planned_epochs=100 estimated_total=15m 53s elapsed=16m 05s
[FINAL_RESULT] best_checkpoint=/app/output/ofa_chaoyang_deit_ti_100ep/student_best.pt
[FINAL_RESULT] latest_checkpoint=/app/output/ofa_chaoyang_deit_ti_100ep/student_latest.pt
[FINAL_RESULT] summary=/app/output/ofa_chaoyang_deit_ti_100ep/summary.json
[DONE] OFA training completed successfully; resources may be released.
